# JRE version: OpenJDK Runtime Environment (8.0_242-b01) (build 1.8.0_242-release-1644-b01)
# Java VM: OpenJDK 64-Bit Server VM (25.242-b01 mixed mode windows-amd64 compressed oops)
Heap:
 PSYoungGen      total 212992K, used 46634K [0x00000000d5580000, 0x00000000e3280000, 0x0000000100000000)
  eden space 199680K, 16% used [0x00000000d5580000,0x00000000d760f5f8,0x00000000e1880000)
  from space 13312K, 99% used [0x00000000e1880000,0x00000000e257b310,0x00000000e2580000)
  to   space 12800K, 0% used [0x00000000e2600000,0x00000000e2600000,0x00000000e3280000)
 ParOldGen       total 43008K, used 27586K [0x0000000080000000, 0x0000000082a00000, 0x00000000d5580000)
  object space 43008K, 64% used [0x0000000080000000,0x0000000081af0a20,0x0000000082a00000)
 Metaspace       used 52974K, capacity 54710K, committed 54824K, reserved 1097728K
  class space    used 7036K, capacity 7446K, committed 7472K, reserved 1048576K
GC Heap History (10 events):
Event: 31.404 GC heap before
{Heap before GC invocations=9 (full 1):
 PSYoungGen      total 137728K, used 4112K [0x00000000d5580000, 0x00000000de580000, 0x0000000100000000)
  eden space 129024K, 0% used [0x00000000d5580000,0x00000000d5580000,0x00000000dd380000)
  from space 8704K, 47% used [0x00000000ddd00000,0x00000000de104040,0x00000000de580000)
  to   space 9216K, 0% used [0x00000000dd380000,0x00000000dd380000,0x00000000ddc80000)
 ParOldGen       total 44032K, used 8597K [0x0000000080000000, 0x0000000082b00000, 0x00000000d5580000)
  object space 44032K, 19% used [0x0000000080000000,0x0000000080865428,0x0000000082b00000)
 Metaspace       used 20695K, capacity 21240K, committed 21296K, reserved 1067008K
  class space    used 2895K, capacity 3088K, committed 3120K, reserved 1048576K
Event: 31.587 GC heap after
Heap after GC invocations=9 (full 1):
 PSYoungGen      total 137728K, used 0K [0x00000000d5580000, 0x00000000de580000, 0x0000000100000000)
  eden space 129024K, 0% used [0x00000000d5580000,0x00000000d5580000,0x00000000dd380000)
  from space 8704K, 0% used [0x00000000ddd00000,0x00000000ddd00000,0x00000000de580000)
  to   space 9216K, 0% used [0x00000000dd380000,0x00000000dd380000,0x00000000ddc80000)
 ParOldGen       total 30720K, used 9129K [0x0000000080000000, 0x0000000081e00000, 0x00000000d5580000)
  object space 30720K, 29% used [0x0000000080000000,0x00000000808ea5f8,0x0000000081e00000)
 Metaspace       used 20695K, capacity 21240K, committed 21296K, reserved 1067008K
  class space    used 2895K, capacity 3088K, committed 3120K, reserved 1048576K
}
Event: 38.952 GC heap before
{Heap before GC invocations=10 (full 1):
 PSYoungGen      total 137728K, used 129024K [0x00000000d5580000, 0x00000000de580000, 0x0000000100000000)
  eden space 129024K, 100% used [0x00000000d5580000,0x00000000dd380000,0x00000000dd380000)
  from space 8704K, 0% used [0x00000000ddd00000,0x00000000ddd00000,0x00000000de580000)
  to   space 9216K, 0% used [0x00000000dd380000,0x00000000dd380000,0x00000000ddc80000)
 ParOldGen       total 30720K, used 9129K [0x0000000080000000, 0x0000000081e00000, 0x00000000d5580000)
  object space 30720K, 29% used [0x0000000080000000,0x00000000808ea5f8,0x0000000081e00000)
 Metaspace       used 32298K, capacity 33124K, committed 33328K, reserved 1077248K
  class space    used 4393K, capacity 4613K, committed 4656K, reserved 1048576K
Event: 39.218 GC heap after
Heap after GC invocations=10 (full 1):
 PSYoungGen      total 138240K, used 9188K [0x00000000d5580000, 0x00000000e3280000, 0x0000000100000000)
  eden space 129024K, 0% used [0x00000000d5580000,0x00000000d5580000,0x00000000dd380000)
  from space 9216K, 99% used [0x00000000dd380000,0x00000000ddc79160,0x00000000ddc80000)
  to   space 12800K, 0% used [0x00000000e2600000,0x00000000e2600000,0x00000000e3280000)
 ParOldGen       total 30720K, used 13624K [0x0000000080000000, 0x0000000081e00000, 0x00000000d5580000)
  object space 30720K, 44% used [0x0000000080000000,0x0000000080d4e120,0x0000000081e00000)
 Metaspace       used 32298K, capacity 33124K, committed 33328K, reserved 1077248K
  class space    used 4393K, capacity 4613K, committed 4656K, reserved 1048576K
}
Event: 40.826 GC heap before
{Heap before GC invocations=11 (full 1):
 PSYoungGen      total 138240K, used 59392K [0x00000000d5580000, 0x00000000e3280000, 0x0000000100000000)
  eden space 129024K, 38% used [0x00000000d5580000,0x00000000d86871a0,0x00000000dd380000)
  from space 9216K, 99% used [0x00000000dd380000,0x00000000ddc79160,0x00000000ddc80000)
  to   space 12800K, 0% used [0x00000000e2600000,0x00000000e2600000,0x00000000e3280000)
 ParOldGen       total 30720K, used 13624K [0x0000000080000000, 0x0000000081e00000, 0x00000000d5580000)
  object space 30720K, 44% used [0x0000000080000000,0x0000000080d4e120,0x0000000081e00000)
 Metaspace       used 34540K, capacity 35418K, committed 35496K, reserved 1079296K
  class space    used 4730K, capacity 5002K, committed 5040K, reserved 1048576K
Event: 40.848 GC heap after
Heap after GC invocations=11 (full 1):
 PSYoungGen      total 212480K, used 9380K [0x00000000d5580000, 0x00000000e3280000, 0x0000000100000000)
  eden space 199680K, 0% used [0x00000000d5580000,0x00000000d5580000,0x00000000e1880000)
  from space 12800K, 73% used [0x00000000e2600000,0x00000000e2f29008,0x00000000e3280000)
  to   space 13312K, 0% used [0x00000000e1880000,0x00000000e1880000,0x00000000e2580000)
 ParOldGen       total 30720K, used 13632K [0x0000000080000000, 0x0000000081e00000, 0x00000000d5580000)
  object space 30720K, 44% used [0x0000000080000000,0x0000000080d50120,0x0000000081e00000)
 Metaspace       used 34540K, capacity 35418K, committed 35496K, reserved 1079296K
  class space    used 4730K, capacity 5002K, committed 5040K, reserved 1048576K
}
Event: 40.848 GC heap before
{Heap before GC invocations=12 (full 2):
 PSYoungGen      total 212480K, used 9380K [0x00000000d5580000, 0x00000000e3280000, 0x0000000100000000)
  eden space 199680K, 0% used [0x00000000d5580000,0x00000000d5580000,0x00000000e1880000)
  from space 12800K, 73% used [0x00000000e2600000,0x00000000e2f29008,0x00000000e3280000)
  to   space 13312K, 0% used [0x00000000e1880000,0x00000000e1880000,0x00000000e2580000)
 ParOldGen       total 30720K, used 13632K [0x0000000080000000, 0x0000000081e00000, 0x00000000d5580000)
  object space 30720K, 44% used [0x0000000080000000,0x0000000080d50120,0x0000000081e00000)
 Metaspace       used 34540K, capacity 35418K, committed 35496K, reserved 1079296K
  class space    used 4730K, capacity 5002K, committed 5040K, reserved 1048576K
Event: 41.023 GC heap after
Heap after GC invocations=12 (full 2):
 PSYoungGen      total 212480K, used 0K [0x00000000d5580000, 0x00000000e3280000, 0x0000000100000000)
  eden space 199680K, 0% used [0x00000000d5580000,0x00000000d5580000,0x00000000e1880000)
  from space 12800K, 0% used [0x00000000e2600000,0x00000000e2600000,0x00000000e3280000)
  to   space 13312K, 0% used [0x00000000e1880000,0x00000000e1880000,0x00000000e2580000)
 ParOldGen       total 43008K, used 15957K [0x0000000080000000, 0x0000000082a00000, 0x00000000d5580000)
  object space 43008K, 37% used [0x0000000080000000,0x0000000080f95550,0x0000000082a00000)
 Metaspace       used 34540K, capacity 35418K, committed 35496K, reserved 1079296K
  class space    used 4730K, capacity 5002K, committed 5040K, reserved 1048576K
}
Event: 50.534 GC heap before
{Heap before GC invocations=13 (full 2):
 PSYoungGen      total 212480K, used 199680K [0x00000000d5580000, 0x00000000e3280000, 0x0000000100000000)
  eden space 199680K, 100% used [0x00000000d5580000,0x00000000e1880000,0x00000000e1880000)
  from space 12800K, 0% used [0x00000000e2600000,0x00000000e2600000,0x00000000e3280000)
  to   space 13312K, 0% used [0x00000000e1880000,0x00000000e1880000,0x00000000e2580000)
 ParOldGen       total 43008K, used 15957K [0x0000000080000000, 0x0000000082a00000, 0x00000000d5580000)
  object space 43008K, 37% used [0x0000000080000000,0x0000000080f95550,0x0000000082a00000)
 Metaspace       used 51451K, capacity 53110K, committed 53416K, reserved 1095680K
  class space    used 6831K, capacity 7224K, committed 7344K, reserved 1048576K
Event: 50.592 GC heap after
Heap after GC invocations=13 (full 2):
 PSYoungGen      total 212992K, used 13292K [0x00000000d5580000, 0x00000000e3280000, 0x0000000100000000)
  eden space 199680K, 0% used [0x00000000d5580000,0x00000000d5580000,0x00000000e1880000)
  from space 13312K, 99% used [0x00000000e1880000,0x00000000e257b310,0x00000000e2580000)
  to   space 12800K, 0% used [0x00000000e2600000,0x00000000e2600000,0x00000000e3280000)
 ParOldGen       total 43008K, used 27586K [0x0000000080000000, 0x0000000082a00000, 0x00000000d5580000)
  object space 43008K, 64% used [0x0000000080000000,0x0000000081af0a20,0x0000000082a00000)
 Metaspace       used 51451K, capacity 53110K, committed 53416K, reserved 1095680K
  class space    used 6831K, capacity 7224K, committed 7344K, reserved 1048576K
}

